2015 Aug 01 15:59:58,826 DEBUG [AWT-EventQueue-0]: tiktaktoh.TikTakTohWindow - Clicked button [2][2]
2015 Aug 01 16:00:02,074 DEBUG [AWT-EventQueue-0]: tiktaktoh.TikTakTohWindow - Clicked button [2][1]
2015 Aug 01 16:00:02,938 DEBUG [AWT-EventQueue-0]: tiktaktoh.TikTakTohWindow - Clicked button [1][1]
2015 Aug 01 16:00:04,402 INFO  [AWT-EventQueue-0]: tiktaktoh.Game - Player 1 won
2015 Aug 01 16:00:04,402 INFO  [AWT-EventQueue-0]: tiktaktoh.Game - Player 1 Score = 1
2015 Aug 01 16:00:04,405 DEBUG [AWT-EventQueue-0]: tiktaktoh.TikTakTohWindow - Clicked button [2][0]
2015 Aug 01 16:00:07,306 INFO  [AWT-EventQueue-0]: tiktaktoh.TikTakTohWindow - player move
2015 Aug 01 16:00:07,306 INFO  [AWT-EventQueue-0]: tiktaktoh.TikTakTohWindow - Game reseted!
2015 Aug 01 16:28:49,952 DEBUG [AWT-EventQueue-0]: tiktaktoh.TikTakTohWindow - Clicked button [0][0]
2015 Aug 01 16:28:51,047 DEBUG [AWT-EventQueue-0]: tiktaktoh.TikTakTohWindow - Clicked button [0][1]
2015 Aug 01 16:28:51,765 INFO  [AWT-EventQueue-0]: tiktaktoh.Game - Player 1 won
2015 Aug 01 16:28:51,765 INFO  [AWT-EventQueue-0]: tiktaktoh.Game - Player 1 Score = 1
2015 Aug 01 16:28:51,772 DEBUG [AWT-EventQueue-0]: tiktaktoh.TikTakTohWindow - Clicked button [0][2]
2015 Aug 01 16:28:54,727 INFO  [AWT-EventQueue-0]: tiktaktoh.TikTakTohWindow - Game started!
2015 Aug 01 16:28:56,197 DEBUG [AWT-EventQueue-0]: tiktaktoh.TikTakTohWindow - Clicked button [0][2]
2015 Aug 01 16:28:56,678 DEBUG [AWT-EventQueue-0]: tiktaktoh.TikTakTohWindow - Clicked button [1][2]
2015 Aug 01 16:28:57,517 DEBUG [AWT-EventQueue-0]: tiktaktoh.TikTakTohWindow - Clicked button [2][1]
2015 Aug 01 16:28:58,853 INFO  [AWT-EventQueue-0]: tiktaktoh.Game - Player 1 won
2015 Aug 01 16:28:58,853 INFO  [AWT-EventQueue-0]: tiktaktoh.Game - Player 1 Score = 2
2015 Aug 01 16:28:58,853 DEBUG [AWT-EventQueue-0]: tiktaktoh.TikTakTohWindow - Clicked button [2][2]
2015 Aug 01 16:29:01,535 INFO  [AWT-EventQueue-0]: tiktaktoh.TikTakTohWindow - Game reseted!
2015 Aug 01 16:40:34,135 DEBUG [AWT-EventQueue-0]: tiktaktoh.TikTakTohWindow - Clicked button [2][2]
2015 Aug 01 16:40:39,867 WARN  [AWT-EventQueue-0]: tiktaktoh.TikTakTohWindow - Player vs Player
2015 Aug 01 16:42:43,071 DEBUG [AWT-EventQueue-0]: tiktaktoh.TikTakTohWindow - Clicked button [0][1]
2015 Aug 01 16:45:31,618 DEBUG [AWT-EventQueue-0]: tiktaktoh.TikTakTohWindow - Clicked button [0][1]
2015 Aug 01 16:45:33,541 DEBUG [AWT-EventQueue-0]: tiktaktoh.TikTakTohWindow - Clicked button [0][2]
2015 Aug 01 16:45:35,213 DEBUG [AWT-EventQueue-0]: tiktaktoh.TikTakTohWindow - Clicked button [1][2]
2015 Aug 01 16:45:36,045 INFO  [AWT-EventQueue-0]: tiktaktoh.Game - Player 1 won
2015 Aug 01 16:45:36,046 INFO  [AWT-EventQueue-0]: tiktaktoh.Game - Player 1 Score = 1
2015 Aug 01 16:45:36,049 DEBUG [AWT-EventQueue-0]: tiktaktoh.TikTakTohWindow - Clicked button [2][2]
2015 Aug 01 16:45:46,479 INFO  [AWT-EventQueue-0]: tiktaktoh.TikTakTohWindow - Game started!
2015 Aug 01 16:46:50,864 DEBUG [AWT-EventQueue-0]: tiktaktoh.TikTakTohWindow - Clicked button [1][2]
2015 Aug 01 16:46:58,902 DEBUG [AWT-EventQueue-0]: tiktaktoh.TikTakTohWindow - Clicked button [2][2]
2015 Aug 01 16:50:47,618 DEBUG [AWT-EventQueue-0]: tiktaktoh.TikTakTohWindow - Clicked button [1][1]
2015 Aug 01 16:51:07,097 DEBUG [AWT-EventQueue-0]: tiktaktoh.TikTakTohWindow - Clicked button [1][1]
2015 Aug 01 16:51:08,478 DEBUG [AWT-EventQueue-0]: tiktaktoh.TikTakTohWindow - Clicked button [1][2]
2015 Aug 01 16:51:09,423 DEBUG [AWT-EventQueue-0]: tiktaktoh.TikTakTohWindow - Clicked button [0][0]
2015 Aug 01 16:51:11,254 DEBUG [AWT-EventQueue-0]: tiktaktoh.TikTakTohWindow - Clicked button [2][0]
2015 Aug 01 16:51:12,262 INFO  [AWT-EventQueue-0]: tiktaktoh.Game - Player 1 won
2015 Aug 01 16:51:12,263 INFO  [AWT-EventQueue-0]: tiktaktoh.Game - Player 1 Score = 1
2015 Aug 01 16:51:12,265 DEBUG [AWT-EventQueue-0]: tiktaktoh.TikTakTohWindow - Clicked button [2][2]
2015 Aug 01 16:51:15,097 INFO  [AWT-EventQueue-0]: tiktaktoh.TikTakTohWindow - Game reseted!
2015 Aug 01 16:55:24,474 DEBUG [AWT-EventQueue-0]: tiktaktoh.TikTakTohWindow - Clicked button [0][1]
2015 Aug 01 16:55:26,784 DEBUG [AWT-EventQueue-0]: tiktaktoh.TikTakTohWindow - Clicked button [1][2]
2015 Aug 01 17:02:39,946 DEBUG [AWT-EventQueue-0]: tiktaktoh.TikTakTohWindow - Clicked button [1][2]
2015 Aug 01 17:02:43,177 DEBUG [AWT-EventQueue-0]: tiktaktoh.TikTakTohWindow - Clicked button [0][2]
2015 Aug 01 17:02:46,633 DEBUG [AWT-EventQueue-0]: tiktaktoh.TikTakTohWindow - Clicked button [0][1]
2015 Aug 01 17:02:55,986 DEBUG [AWT-EventQueue-0]: tiktaktoh.TikTakTohWindow - Clicked button [0][1]
2015 Aug 01 17:02:57,145 DEBUG [AWT-EventQueue-0]: tiktaktoh.TikTakTohWindow - Clicked button [1][2]
2015 Aug 01 17:03:27,994 DEBUG [AWT-EventQueue-0]: tiktaktoh.TikTakTohWindow - Clicked button [0][1]
2015 Aug 01 17:04:12,570 DEBUG [AWT-EventQueue-0]: tiktaktoh.TikTakTohWindow - Clicked button [2][0]
2015 Aug 01 17:05:50,595 WARN  [AWT-EventQueue-0]: tiktaktoh.TikTakTohWindow - Player vs Player
2015 Aug 01 17:06:18,764 DEBUG [AWT-EventQueue-0]: tiktaktoh.TikTakTohWindow - Clicked button [0][1]
2015 Aug 01 17:06:28,236 WARN  [AWT-EventQueue-0]: tiktaktoh.TikTakTohWindow - Computer vs Player
2015 Aug 01 17:07:10,436 DEBUG [AWT-EventQueue-0]: tiktaktoh.TikTakTohWindow - Clicked button [0][0]
2015 Aug 01 17:07:10,806 DEBUG [AWT-EventQueue-0]: tiktaktoh.TikTakTohWindow - Clicked button [0][1]
2015 Aug 01 17:07:11,262 INFO  [AWT-EventQueue-0]: tiktaktoh.Game - Player 1 won
2015 Aug 01 17:07:11,262 INFO  [AWT-EventQueue-0]: tiktaktoh.Game - Player 1 Score = 1
2015 Aug 01 17:07:11,262 DEBUG [AWT-EventQueue-0]: tiktaktoh.TikTakTohWindow - Clicked button [0][2]
2015 Aug 01 17:07:12,813 INFO  [AWT-EventQueue-0]: tiktaktoh.TikTakTohWindow - Game reseted!
2015 Aug 01 17:07:25,325 DEBUG [AWT-EventQueue-0]: tiktaktoh.TikTakTohWindow - Clicked button [0][0]
2015 Aug 01 17:07:25,636 DEBUG [AWT-EventQueue-0]: tiktaktoh.TikTakTohWindow - Clicked button [0][1]
2015 Aug 01 17:07:26,084 INFO  [AWT-EventQueue-0]: tiktaktoh.Game - Player 1 won
2015 Aug 01 17:07:26,084 INFO  [AWT-EventQueue-0]: tiktaktoh.Game - Player 1 Score = 1
2015 Aug 01 17:07:26,084 DEBUG [AWT-EventQueue-0]: tiktaktoh.TikTakTohWindow - Clicked button [0][2]
2015 Aug 01 17:07:27,653 INFO  [AWT-EventQueue-0]: tiktaktoh.TikTakTohWindow - Game started!
2015 Aug 01 17:09:31,696 DEBUG [AWT-EventQueue-0]: tiktaktoh.TikTakTohWindow - Clicked button [1][2]
2015 Aug 01 17:09:34,247 DEBUG [AWT-EventQueue-0]: tiktaktoh.TikTakTohWindow - Clicked button [2][2]
2015 Aug 01 17:10:08,008 DEBUG [AWT-EventQueue-0]: tiktaktoh.TikTakTohWindow - Clicked button [0][1]
2015 Aug 01 17:10:09,872 DEBUG [AWT-EventQueue-0]: tiktaktoh.TikTakTohWindow - Clicked button [1][2]
2015 Aug 01 17:10:18,312 WARN  [AWT-EventQueue-0]: tiktaktoh.TikTakTohWindow - Player vs Player
2015 Aug 02 15:29:27,114 DEBUG [AWT-EventQueue-0]: tiktaktoh.TikTakTohWindow - Clicked button [0][1]
2015 Aug 02 15:29:28,716 DEBUG [AWT-EventQueue-0]: tiktaktoh.TikTakTohWindow - Clicked button [0][2]
2015 Aug 02 15:29:31,063 DEBUG [AWT-EventQueue-0]: tiktaktoh.TikTakTohWindow - Clicked button [2][2]
2015 Aug 02 15:29:35,067 INFO  [AWT-EventQueue-0]: tiktaktoh.Game - Player 2 won
2015 Aug 02 15:29:35,067 INFO  [AWT-EventQueue-0]: tiktaktoh.Game - Player 2 Score = 1
2015 Aug 02 15:29:35,069 DEBUG [AWT-EventQueue-0]: tiktaktoh.TikTakTohWindow - Clicked button [2][1]
2015 Aug 02 15:30:05,514 INFO  [AWT-EventQueue-0]: tiktaktoh.TikTakTohWindow - Game reseted!
2015 Aug 02 22:45:07,991 WARN  [AWT-EventQueue-0]: tiktaktoh.TikTakTohWindow - Player vs Player
2015 Aug 02 22:45:08,809 DEBUG [AWT-EventQueue-0]: tiktaktoh.TikTakTohWindow - Clicked button [0][0]
2015 Aug 02 22:45:09,669 DEBUG [AWT-EventQueue-0]: tiktaktoh.TikTakTohWindow - Clicked button [0][1]
2015 Aug 02 22:45:10,376 DEBUG [AWT-EventQueue-0]: tiktaktoh.TikTakTohWindow - Clicked button [1][1]
2015 Aug 02 22:45:11,181 DEBUG [AWT-EventQueue-0]: tiktaktoh.TikTakTohWindow - Clicked button [1][2]
2015 Aug 02 22:45:11,913 INFO  [AWT-EventQueue-0]: tiktaktoh.Game - Player 1 won
2015 Aug 02 22:45:11,914 INFO  [AWT-EventQueue-0]: tiktaktoh.Game - Player 1 Score = 1
2015 Aug 02 22:45:11,966 DEBUG [AWT-EventQueue-0]: tiktaktoh.TikTakTohWindow - Clicked button [2][2]
2015 Aug 02 22:45:19,519 INFO  [AWT-EventQueue-0]: tiktaktoh.TikTakTohWindow - Game reseted!
2015 Aug 02 22:45:21,375 WARN  [AWT-EventQueue-0]: tiktaktoh.TikTakTohWindow - Computer vs Player
2015 Aug 02 22:45:22,268 DEBUG [AWT-EventQueue-0]: tiktaktoh.TikTakTohWindow - Clicked button [0][0]
2015 Aug 02 22:45:28,932 DEBUG [AWT-EventQueue-0]: tiktaktoh.TikTakTohWindow - Clicked button [0][1]
2015 Aug 02 22:45:30,012 INFO  [AWT-EventQueue-0]: tiktaktoh.Game - Player 1 won
2015 Aug 02 22:45:30,012 INFO  [AWT-EventQueue-0]: tiktaktoh.Game - Player 1 Score = 1
2015 Aug 02 22:45:30,013 DEBUG [AWT-EventQueue-0]: tiktaktoh.TikTakTohWindow - Clicked button [0][2]
2015 Aug 02 22:45:34,860 INFO  [AWT-EventQueue-0]: tiktaktoh.TikTakTohWindow - Game reseted!
2015 Aug 02 23:33:35,018 WARN  [AWT-EventQueue-0]: tiktaktoh.TikTakTohWindow - Player vs Player
2015 Aug 02 23:33:36,812 DEBUG [AWT-EventQueue-0]: tiktaktoh.TikTakTohWindow - Clicked button [1][1]
2015 Aug 02 23:33:37,670 DEBUG [AWT-EventQueue-0]: tiktaktoh.TikTakTohWindow - Clicked button [0][1]
2015 Aug 02 23:33:38,361 DEBUG [AWT-EventQueue-0]: tiktaktoh.TikTakTohWindow - Clicked button [1][2]
2015 Aug 02 23:33:39,078 DEBUG [AWT-EventQueue-0]: tiktaktoh.TikTakTohWindow - Clicked button [2][1]
2015 Aug 02 23:33:39,899 DEBUG [AWT-EventQueue-0]: tiktaktoh.TikTakTohWindow - Clicked button [2][0]
2015 Aug 02 23:33:40,649 DEBUG [AWT-EventQueue-0]: tiktaktoh.TikTakTohWindow - Clicked button [1][0]
2015 Aug 02 23:33:41,703 DEBUG [AWT-EventQueue-0]: tiktaktoh.TikTakTohWindow - Clicked button [0][0]
2015 Aug 02 23:33:42,599 DEBUG [AWT-EventQueue-0]: tiktaktoh.TikTakTohWindow - Clicked button [0][2]
2015 Aug 02 23:33:43,653 INFO  [AWT-EventQueue-0]: tiktaktoh.Game - Player 1 won
2015 Aug 02 23:33:43,654 INFO  [AWT-EventQueue-0]: tiktaktoh.Game - Player 1 Score = 1
2015 Aug 02 23:33:43,655 DEBUG [AWT-EventQueue-0]: tiktaktoh.TikTakTohWindow - Clicked button [2][2]
2015 Aug 02 23:37:03,311 DEBUG [AWT-EventQueue-0]: tiktaktoh.TikTakTohWindow - Clicked button [2][1]
2015 Aug 02 23:37:04,327 DEBUG [AWT-EventQueue-0]: tiktaktoh.TikTakTohWindow - Clicked button [1][2]
2015 Aug 02 23:37:05,911 DEBUG [AWT-EventQueue-0]: tiktaktoh.TikTakTohWindow - Clicked button [1][0]
2015 Aug 02 23:37:06,769 INFO  [AWT-EventQueue-0]: tiktaktoh.Game - Player 2 won
2015 Aug 02 23:37:06,770 INFO  [AWT-EventQueue-0]: tiktaktoh.Game - Player 2 Score = 1
2015 Aug 02 23:37:06,770 DEBUG [AWT-EventQueue-0]: tiktaktoh.TikTakTohWindow - Clicked button [0][1]
2015 Aug 02 23:37:24,221 INFO  [AWT-EventQueue-0]: tiktaktoh.TikTakTohWindow - Game reseted!
2015 Aug 02 23:45:29,056 WARN  [AWT-EventQueue-0]: tiktaktoh.TikTakTohWindow - Player vs Player
2015 Aug 02 23:45:30,235 WARN  [AWT-EventQueue-0]: tiktaktoh.TikTakTohWindow - Computer vs Player
2015 Aug 02 23:45:31,643 DEBUG [AWT-EventQueue-0]: tiktaktoh.TikTakTohWindow - Clicked button [0][1]
2015 Aug 02 23:45:32,594 DEBUG [AWT-EventQueue-0]: tiktaktoh.TikTakTohWindow - Clicked button [1][2]
2015 Aug 02 23:45:33,435 DEBUG [AWT-EventQueue-0]: tiktaktoh.TikTakTohWindow - Clicked button [2][2]
2015 Aug 02 23:45:34,155 INFO  [AWT-EventQueue-0]: tiktaktoh.Game - Player 2 won
2015 Aug 02 23:45:34,155 INFO  [AWT-EventQueue-0]: tiktaktoh.Game - Player 2 Score = 1
2015 Aug 02 23:45:34,158 DEBUG [AWT-EventQueue-0]: tiktaktoh.TikTakTohWindow - Clicked button [2][1]
2015 Aug 02 23:45:36,158 INFO  [AWT-EventQueue-0]: tiktaktoh.TikTakTohWindow - Game reseted!
2015 Aug 02 23:46:54,099 DEBUG [AWT-EventQueue-0]: tiktaktoh.TikTakTohWindow - Clicked button [0][1]
2015 Aug 02 23:46:54,973 DEBUG [AWT-EventQueue-0]: tiktaktoh.TikTakTohWindow - Clicked button [2][1]
2015 Aug 02 23:46:55,715 DEBUG [AWT-EventQueue-0]: tiktaktoh.TikTakTohWindow - Clicked button [2][2]
2015 Aug 02 23:46:56,511 INFO  [AWT-EventQueue-0]: tiktaktoh.Game - Player 2 won
2015 Aug 02 23:46:56,511 INFO  [AWT-EventQueue-0]: tiktaktoh.Game - Player 2 Score = 1
2015 Aug 02 23:46:56,514 DEBUG [AWT-EventQueue-0]: tiktaktoh.TikTakTohWindow - Clicked button [1][2]
2015 Aug 02 23:46:58,176 INFO  [AWT-EventQueue-0]: tiktaktoh.TikTakTohWindow - Game reseted!
2015 Aug 02 23:47:19,348 DEBUG [AWT-EventQueue-0]: tiktaktoh.TikTakTohWindow - Clicked button [1][1]
2015 Aug 02 23:47:20,589 DEBUG [AWT-EventQueue-0]: tiktaktoh.TikTakTohWindow - Clicked button [1][2]
2015 Aug 02 23:47:21,292 DEBUG [AWT-EventQueue-0]: tiktaktoh.TikTakTohWindow - Clicked button [2][2]
2015 Aug 02 23:47:22,338 INFO  [AWT-EventQueue-0]: tiktaktoh.Game - Player 1 won
2015 Aug 02 23:47:22,338 INFO  [AWT-EventQueue-0]: tiktaktoh.Game - Player 1 Score = 1
2015 Aug 02 23:47:22,340 DEBUG [AWT-EventQueue-0]: tiktaktoh.TikTakTohWindow - Clicked button [0][2]
2015 Aug 02 23:47:23,978 INFO  [AWT-EventQueue-0]: tiktaktoh.TikTakTohWindow - Game reseted!
2015 Aug 02 23:48:19,102 DEBUG [AWT-EventQueue-0]: tiktaktoh.TikTakTohWindow - Clicked button [1][1]
2015 Aug 02 23:48:20,993 DEBUG [AWT-EventQueue-0]: tiktaktoh.TikTakTohWindow - Clicked button [1][2]
2015 Aug 02 23:48:22,486 INFO  [AWT-EventQueue-0]: tiktaktoh.Game - Player 1 won
2015 Aug 02 23:48:22,486 INFO  [AWT-EventQueue-0]: tiktaktoh.Game - Player 1 Score = 1
2015 Aug 02 23:48:22,489 DEBUG [AWT-EventQueue-0]: tiktaktoh.TikTakTohWindow - Clicked button [1][0]
2015 Aug 02 23:48:25,539 INFO  [AWT-EventQueue-0]: tiktaktoh.TikTakTohWindow - Game reseted!
2015 Aug 03 00:00:55,826 DEBUG [AWT-EventQueue-0]: tiktaktoh.TikTakTohWindow - Clicked button [0][1]
2015 Aug 03 00:00:56,501 DEBUG [AWT-EventQueue-0]: tiktaktoh.TikTakTohWindow - Clicked button [1][2]
2015 Aug 03 00:00:57,219 DEBUG [AWT-EventQueue-0]: tiktaktoh.TikTakTohWindow - Clicked button [2][2]
2015 Aug 03 00:00:58,493 DEBUG [AWT-EventQueue-0]: tiktaktoh.TikTakTohWindow - Clicked button [2][0]
2015 Aug 03 00:00:59,734 INFO  [AWT-EventQueue-0]: tiktaktoh.Game - Game tied
2015 Aug 03 00:00:59,735 INFO  [AWT-EventQueue-0]: tiktaktoh.Game - Tied matches Score = 1
2015 Aug 03 00:00:59,735 DEBUG [AWT-EventQueue-0]: tiktaktoh.TikTakTohWindow - Clicked button [0][0]
2015 Aug 03 00:01:02,172 INFO  [AWT-EventQueue-0]: tiktaktoh.TikTakTohWindow - Game reseted!
2015 Aug 03 00:01:06,748 DEBUG [AWT-EventQueue-0]: tiktaktoh.TikTakTohWindow - Clicked button [1][1]
2015 Aug 03 00:01:07,718 DEBUG [AWT-EventQueue-0]: tiktaktoh.TikTakTohWindow - Clicked button [1][2]
2015 Aug 03 00:01:08,595 INFO  [AWT-EventQueue-0]: tiktaktoh.Game - Player 2 won
2015 Aug 03 00:01:08,596 INFO  [AWT-EventQueue-0]: tiktaktoh.Game - Player 2 Score = 1
2015 Aug 03 00:01:08,596 DEBUG [AWT-EventQueue-0]: tiktaktoh.TikTakTohWindow - Clicked button [2][2]
2015 Aug 03 00:01:10,141 INFO  [AWT-EventQueue-0]: tiktaktoh.TikTakTohWindow - Game reseted!
2015 Aug 03 00:15:09,192 DEBUG [AWT-EventQueue-0]: tiktaktoh.TikTakTohWindow - Clicked button [0][1]
2015 Aug 03 00:15:09,986 DEBUG [AWT-EventQueue-0]: tiktaktoh.TikTakTohWindow - Clicked button [1][2]
2015 Aug 03 00:15:10,944 DEBUG [AWT-EventQueue-0]: tiktaktoh.TikTakTohWindow - Clicked button [2][2]
2015 Aug 03 00:15:12,145 DEBUG [AWT-EventQueue-0]: tiktaktoh.TikTakTohWindow - Clicked button [2][0]
2015 Aug 03 00:15:13,282 INFO  [AWT-EventQueue-0]: tiktaktoh.Game - Player 1 won
2015 Aug 03 00:15:13,282 INFO  [AWT-EventQueue-0]: tiktaktoh.Game - Player 1 Score = 1
2015 Aug 03 00:15:13,287 DEBUG [AWT-EventQueue-0]: tiktaktoh.TikTakTohWindow - Clicked button [0][2]
2015 Aug 03 00:15:15,073 INFO  [AWT-EventQueue-0]: tiktaktoh.TikTakTohWindow - Game reseted!
2015 Aug 03 00:21:58,893 DEBUG [AWT-EventQueue-0]: tiktaktoh.TikTakTohWindow - Clicked button [1][2]
2015 Aug 03 00:21:59,826 DEBUG [AWT-EventQueue-0]: tiktaktoh.TikTakTohWindow - Clicked button [1][0]
2015 Aug 03 00:22:00,543 DEBUG [AWT-EventQueue-0]: tiktaktoh.TikTakTohWindow - Clicked button [2][1]
2015 Aug 03 00:22:01,198 INFO  [AWT-EventQueue-0]: tiktaktoh.Game - Player 2 won
2015 Aug 03 00:22:01,199 INFO  [AWT-EventQueue-0]: tiktaktoh.Game - Player 2 Score = 1
2015 Aug 03 00:22:01,199 DEBUG [AWT-EventQueue-0]: tiktaktoh.TikTakTohWindow - Clicked button [2][2]
2015 Aug 03 00:22:03,084 INFO  [AWT-EventQueue-0]: tiktaktoh.TikTakTohWindow - Game reseted!
2015 Aug 03 00:23:27,292 DEBUG [AWT-EventQueue-0]: tiktaktoh.TikTakTohWindow - Clicked button [1][2]
2015 Aug 03 00:23:28,173 DEBUG [AWT-EventQueue-0]: tiktaktoh.TikTakTohWindow - Clicked button [1][0]
2015 Aug 03 00:23:28,896 DEBUG [AWT-EventQueue-0]: tiktaktoh.TikTakTohWindow - Clicked button [2][0]
2015 Aug 03 00:23:29,887 INFO  [AWT-EventQueue-0]: tiktaktoh.Game - Player 2 won
2015 Aug 03 00:23:29,887 INFO  [AWT-EventQueue-0]: tiktaktoh.Game - Player 2 Score = 1
2015 Aug 03 00:23:29,888 DEBUG [AWT-EventQueue-0]: tiktaktoh.TikTakTohWindow - Clicked button [2][2]
2015 Aug 03 00:23:31,678 INFO  [AWT-EventQueue-0]: tiktaktoh.TikTakTohWindow - Game reseted!
2015 Aug 03 00:29:10,348 DEBUG [AWT-EventQueue-0]: tiktaktoh.TikTakTohWindow - Clicked button [0][2]
2015 Aug 03 00:29:11,001 DEBUG [AWT-EventQueue-0]: tiktaktoh.TikTakTohWindow - Clicked button [1][2]
2015 Aug 03 00:29:11,644 INFO  [AWT-EventQueue-0]: tiktaktoh.Game - Player 1 won
2015 Aug 03 00:29:11,644 INFO  [AWT-EventQueue-0]: tiktaktoh.Game - Player 1 Score = 1
2015 Aug 03 00:29:11,644 DEBUG [AWT-EventQueue-0]: tiktaktoh.TikTakTohWindow - Clicked button [2][2]
2015 Aug 03 00:29:13,549 INFO  [AWT-EventQueue-0]: tiktaktoh.TikTakTohWindow - Game reseted!
2015 Aug 03 00:34:17,138 DEBUG [AWT-EventQueue-0]: tiktaktoh.TikTakTohWindow - Clicked button [0][0]
2015 Aug 03 00:34:17,932 DEBUG [AWT-EventQueue-0]: tiktaktoh.TikTakTohWindow - Clicked button [0][1]
2015 Aug 03 00:34:18,577 INFO  [AWT-EventQueue-0]: tiktaktoh.Game - Player 1 won
2015 Aug 03 00:34:18,577 INFO  [AWT-EventQueue-0]: tiktaktoh.Game - Player 1 Score = 1
2015 Aug 03 00:34:18,577 DEBUG [AWT-EventQueue-0]: tiktaktoh.TikTakTohWindow - Clicked button [0][2]
2015 Aug 03 00:34:21,124 INFO  [AWT-EventQueue-0]: tiktaktoh.TikTakTohWindow - Game started!
2015 Aug 03 00:34:21,979 DEBUG [AWT-EventQueue-0]: tiktaktoh.TikTakTohWindow - Clicked button [2][0]
2015 Aug 03 00:34:22,880 DEBUG [AWT-EventQueue-0]: tiktaktoh.TikTakTohWindow - Clicked button [2][2]
2015 Aug 03 00:34:23,602 INFO  [AWT-EventQueue-0]: tiktaktoh.Game - Player 2 won
2015 Aug 03 00:34:23,602 INFO  [AWT-EventQueue-0]: tiktaktoh.Game - Player 2 Score = 1
2015 Aug 03 00:34:23,602 DEBUG [AWT-EventQueue-0]: tiktaktoh.TikTakTohWindow - Clicked button [1][2]
2015 Aug 03 00:34:26,346 INFO  [AWT-EventQueue-0]: tiktaktoh.TikTakTohWindow - Game started!
2015 Aug 03 00:34:27,152 DEBUG [AWT-EventQueue-0]: tiktaktoh.TikTakTohWindow - Clicked button [1][1]
2015 Aug 03 00:34:27,819 DEBUG [AWT-EventQueue-0]: tiktaktoh.TikTakTohWindow - Clicked button [2][1]
2015 Aug 03 00:34:28,475 DEBUG [AWT-EventQueue-0]: tiktaktoh.TikTakTohWindow - Clicked button [2][2]
2015 Aug 03 00:34:29,167 DEBUG [AWT-EventQueue-0]: tiktaktoh.TikTakTohWindow - Clicked button [1][2]
2015 Aug 03 00:34:30,375 INFO  [AWT-EventQueue-0]: tiktaktoh.Game - Player 1 won
2015 Aug 03 00:34:30,375 INFO  [AWT-EventQueue-0]: tiktaktoh.Game - Player 1 Score = 2
2015 Aug 03 00:34:30,375 DEBUG [AWT-EventQueue-0]: tiktaktoh.TikTakTohWindow - Clicked button [0][0]
2015 Aug 03 00:34:35,566 INFO  [AWT-EventQueue-0]: tiktaktoh.TikTakTohWindow - Game reseted!
2015 Aug 05 21:19:54,149 DEBUG [AWT-EventQueue-0]: tiktaktoh.TikTakTohWindow - Clicked button [0][1]
2015 Aug 05 21:19:56,498 DEBUG [AWT-EventQueue-0]: tiktaktoh.TikTakTohWindow - Clicked button [0][0]
2015 Aug 05 21:19:57,938 INFO  [AWT-EventQueue-0]: tiktaktoh.Game - Player 1 won
2015 Aug 05 21:19:57,938 INFO  [AWT-EventQueue-0]: tiktaktoh.Game - Player 1 Score = 1
2015 Aug 05 21:19:57,947 DEBUG [AWT-EventQueue-0]: tiktaktoh.TikTakTohWindow - Clicked button [0][2]
2015 Aug 05 21:20:03,875 INFO  [AWT-EventQueue-0]: tiktaktoh.TikTakTohWindow - Game reseted!
2015 Aug 05 21:20:05,065 WARN  [AWT-EventQueue-0]: tiktaktoh.TikTakTohWindow - Player vs Player
2015 Aug 05 21:20:05,577 DEBUG [AWT-EventQueue-0]: tiktaktoh.TikTakTohWindow - Clicked button [0][1]
2015 Aug 05 21:20:06,616 DEBUG [AWT-EventQueue-0]: tiktaktoh.TikTakTohWindow - Clicked button [1][0]
2015 Aug 05 21:25:16,301 DEBUG [AWT-EventQueue-0]: tiktaktoh.TikTakTohWindow - Clicked button [0][1]
2015 Aug 05 21:25:19,177 DEBUG [AWT-EventQueue-0]: tiktaktoh.TikTakTohWindow - Clicked button [1][2]
2015 Aug 05 21:27:36,803 DEBUG [AWT-EventQueue-0]: tiktaktoh.TikTakTohWindow - Clicked button [1][1]
2015 Aug 05 21:27:38,615 DEBUG [AWT-EventQueue-0]: tiktaktoh.TikTakTohWindow - Clicked button [1][2]
2015 Aug 05 21:27:40,057 DEBUG [AWT-EventQueue-0]: tiktaktoh.TikTakTohWindow - Clicked button [2][2]
2015 Aug 05 21:27:41,184 INFO  [AWT-EventQueue-0]: tiktaktoh.Game - Player 2 won
2015 Aug 05 21:27:41,185 INFO  [AWT-EventQueue-0]: tiktaktoh.Game - Player 2 Score = 1
2015 Aug 05 21:27:41,188 DEBUG [AWT-EventQueue-0]: tiktaktoh.TikTakTohWindow - Clicked button [2][1]
2015 Aug 05 21:27:44,013 INFO  [AWT-EventQueue-0]: tiktaktoh.TikTakTohWindow - Game reseted!
2015 Aug 05 21:51:19,694 DEBUG [AWT-EventQueue-0]: tiktaktoh.TikTakTohWindow - Clicked button [1][1]
2015 Aug 05 21:51:20,272 DEBUG [AWT-EventQueue-0]: tiktaktoh.TikTakTohWindow - Clicked button [0][1]
2015 Aug 05 21:51:20,980 DEBUG [AWT-EventQueue-0]: tiktaktoh.TikTakTohWindow - Clicked button [0][2]
2015 Aug 05 21:51:22,597 INFO  [AWT-EventQueue-0]: tiktaktoh.Game - Player 2 won
2015 Aug 05 21:51:22,598 INFO  [AWT-EventQueue-0]: tiktaktoh.Game - Player 2 Score = 1
2015 Aug 05 21:51:22,600 DEBUG [AWT-EventQueue-0]: tiktaktoh.TikTakTohWindow - Clicked button [1][2]
2015 Aug 05 21:51:24,631 INFO  [AWT-EventQueue-0]: tiktaktoh.TikTakTohWindow - Game reseted!
2015 Aug 05 22:07:12,403 DEBUG [AWT-EventQueue-0]: tiktaktoh.TikTakTohWindow - Clicked button [0][1]
2015 Aug 05 22:07:12,843 DEBUG [AWT-EventQueue-0]: tiktaktoh.TikTakTohWindow - Clicked button [0][2]
2015 Aug 05 22:07:13,671 DEBUG [AWT-EventQueue-0]: tiktaktoh.TikTakTohWindow - Clicked button [2][2]
2015 Aug 05 22:07:14,106 INFO  [AWT-EventQueue-0]: tiktaktoh.Game - Player 2 won
2015 Aug 05 22:07:14,107 INFO  [AWT-EventQueue-0]: tiktaktoh.Game - Player 2 Score = 1
2015 Aug 05 22:07:14,116 DEBUG [AWT-EventQueue-0]: tiktaktoh.TikTakTohWindow - Clicked button [2][1]
2015 Aug 05 22:07:17,392 INFO  [AWT-EventQueue-0]: tiktaktoh.TikTakTohWindow - Game reseted!
2015 Aug 05 22:20:52,148 DEBUG [AWT-EventQueue-0]: tiktaktoh.TikTakTohWindow - Clicked button [0][0]
2015 Aug 05 22:20:53,268 DEBUG [AWT-EventQueue-0]: tiktaktoh.TikTakTohWindow - Clicked button [0][1]
2015 Aug 05 22:20:53,819 INFO  [AWT-EventQueue-0]: tiktaktoh.Game - Player 1 won
2015 Aug 05 22:20:53,820 INFO  [AWT-EventQueue-0]: tiktaktoh.Game - Player 1 Score = 1
2015 Aug 05 22:20:53,821 DEBUG [AWT-EventQueue-0]: tiktaktoh.TikTakTohWindow - Clicked button [0][2]
2015 Aug 05 22:20:54,494 INFO  [AWT-EventQueue-0]: tiktaktoh.TikTakTohWindow - Game reseted!
2015 Aug 05 22:20:55,292 DEBUG [AWT-EventQueue-0]: tiktaktoh.TikTakTohWindow - Clicked button [1][2]
2015 Aug 05 22:20:56,228 DEBUG [AWT-EventQueue-0]: tiktaktoh.TikTakTohWindow - Clicked button [0][0]
2015 Aug 05 22:20:57,085 DEBUG [AWT-EventQueue-0]: tiktaktoh.TikTakTohWindow - Clicked button [0][1]
2015 Aug 05 22:20:57,948 INFO  [AWT-EventQueue-0]: tiktaktoh.Game - Player 2 won
2015 Aug 05 22:20:57,948 INFO  [AWT-EventQueue-0]: tiktaktoh.Game - Player 2 Score = 1
2015 Aug 05 22:20:57,948 DEBUG [AWT-EventQueue-0]: tiktaktoh.TikTakTohWindow - Clicked button [2][2]
2015 Aug 05 22:20:59,077 INFO  [AWT-EventQueue-0]: tiktaktoh.TikTakTohWindow - Game started!
2015 Aug 05 23:57:09,186 DEBUG [AWT-EventQueue-0]: tiktaktoh.TikTakTohWindow - Clicked button [0][0]
2015 Aug 06 00:37:39,866 DEBUG [AWT-EventQueue-0]: tiktaktoh.TikTakTohWindow - Clicked button [0][1]
2015 Aug 06 00:37:41,880 DEBUG [AWT-EventQueue-0]: tiktaktoh.TikTakTohWindow - Clicked button [2][1]
2015 Aug 06 00:37:43,799 DEBUG [AWT-EventQueue-0]: tiktaktoh.TikTakTohWindow - Clicked button [2][2]
2015 Aug 06 00:37:49,648 DEBUG [AWT-EventQueue-0]: tiktaktoh.TikTakTohWindow - Clicked button [1][0]
2015 Aug 06 00:37:50,647 INFO  [AWT-EventQueue-0]: tiktaktoh.Game - Game tied
2015 Aug 06 00:37:50,647 INFO  [AWT-EventQueue-0]: tiktaktoh.Game - Tied matches Score = 1
2015 Aug 06 00:37:50,650 DEBUG [AWT-EventQueue-0]: tiktaktoh.TikTakTohWindow - Clicked button [0][2]
2015 Aug 06 00:37:52,386 INFO  [AWT-EventQueue-0]: tiktaktoh.TikTakTohWindow - Game started!
2015 Aug 06 00:37:54,352 DEBUG [AWT-EventQueue-0]: tiktaktoh.TikTakTohWindow - Clicked button [0][0]
2015 Aug 06 00:37:55,864 DEBUG [AWT-EventQueue-0]: tiktaktoh.TikTakTohWindow - Clicked button [2][1]
2015 Aug 06 00:37:57,519 DEBUG [AWT-EventQueue-0]: tiktaktoh.TikTakTohWindow - Clicked button [1][0]
2015 Aug 06 00:38:25,705 DEBUG [AWT-EventQueue-0]: tiktaktoh.TikTakTohWindow - Clicked button [0][2]
2015 Aug 06 00:38:26,792 DEBUG [AWT-EventQueue-0]: tiktaktoh.TikTakTohWindow - Clicked button [2][0]
2015 Aug 06 00:38:28,104 DEBUG [AWT-EventQueue-0]: tiktaktoh.TikTakTohWindow - Clicked button [0][1]
2015 Aug 06 00:38:29,640 DEBUG [AWT-EventQueue-0]: tiktaktoh.TikTakTohWindow - Clicked button [2][2]
2015 Aug 06 00:38:30,911 INFO  [AWT-EventQueue-0]: tiktaktoh.Game - Game tied
2015 Aug 06 00:38:30,912 INFO  [AWT-EventQueue-0]: tiktaktoh.Game - Tied matches Score = 1
2015 Aug 06 00:38:30,912 DEBUG [AWT-EventQueue-0]: tiktaktoh.TikTakTohWindow - Clicked button [1][0]
2015 Aug 06 00:38:32,257 INFO  [AWT-EventQueue-0]: tiktaktoh.TikTakTohWindow - Game started!
2015 Aug 06 00:38:33,488 DEBUG [AWT-EventQueue-0]: tiktaktoh.TikTakTohWindow - Clicked button [0][0]
2015 Aug 06 00:38:34,559 DEBUG [AWT-EventQueue-0]: tiktaktoh.TikTakTohWindow - Clicked button [0][1]
2015 Aug 06 00:38:36,152 DEBUG [AWT-EventQueue-0]: tiktaktoh.TikTakTohWindow - Clicked button [2][0]
2015 Aug 06 00:39:23,504 DEBUG [AWT-EventQueue-0]: tiktaktoh.TikTakTohWindow - Clicked button [0][1]
2015 Aug 06 00:39:24,513 DEBUG [AWT-EventQueue-0]: tiktaktoh.TikTakTohWindow - Clicked button [2][1]
2015 Aug 06 00:39:25,712 DEBUG [AWT-EventQueue-0]: tiktaktoh.TikTakTohWindow - Clicked button [1][0]
2015 Aug 06 00:39:27,464 DEBUG [AWT-EventQueue-0]: tiktaktoh.TikTakTohWindow - Clicked button [0][2]
2015 Aug 06 00:39:29,143 INFO  [AWT-EventQueue-0]: tiktaktoh.Game - Game tied
2015 Aug 06 00:39:29,143 INFO  [AWT-EventQueue-0]: tiktaktoh.Game - Tied matches Score = 1
2015 Aug 06 00:39:29,144 DEBUG [AWT-EventQueue-0]: tiktaktoh.TikTakTohWindow - Clicked button [2][2]
2015 Aug 06 00:39:30,289 INFO  [AWT-EventQueue-0]: tiktaktoh.TikTakTohWindow - Game started!
2015 Aug 06 00:39:31,432 DEBUG [AWT-EventQueue-0]: tiktaktoh.TikTakTohWindow - Clicked button [0][0]
2015 Aug 06 00:39:32,336 DEBUG [AWT-EventQueue-0]: tiktaktoh.TikTakTohWindow - Clicked button [0][1]
2015 Aug 06 00:39:34,248 DEBUG [AWT-EventQueue-0]: tiktaktoh.TikTakTohWindow - Clicked button [2][2]
2015 Aug 06 00:39:35,608 INFO  [AWT-EventQueue-0]: tiktaktoh.Game - Player 2 won
2015 Aug 06 00:39:35,608 INFO  [AWT-EventQueue-0]: tiktaktoh.Game - Player 2 Score = 1
2015 Aug 06 00:39:35,608 DEBUG [AWT-EventQueue-0]: tiktaktoh.TikTakTohWindow - Clicked button [2][0]
2015 Aug 06 00:39:41,393 INFO  [AWT-EventQueue-0]: tiktaktoh.TikTakTohWindow - Game started!
2015 Aug 06 00:39:42,119 DEBUG [AWT-EventQueue-0]: tiktaktoh.TikTakTohWindow - Clicked button [1][2]
2015 Aug 06 00:39:42,872 DEBUG [AWT-EventQueue-0]: tiktaktoh.TikTakTohWindow - Clicked button [2][1]
2015 Aug 06 00:39:43,416 INFO  [AWT-EventQueue-0]: tiktaktoh.Game - Player 2 won
2015 Aug 06 00:39:43,416 INFO  [AWT-EventQueue-0]: tiktaktoh.Game - Player 2 Score = 2
2015 Aug 06 00:39:43,416 DEBUG [AWT-EventQueue-0]: tiktaktoh.TikTakTohWindow - Clicked button [2][0]
2015 Aug 06 00:39:45,169 INFO  [AWT-EventQueue-0]: tiktaktoh.TikTakTohWindow - Game started!
2015 Aug 06 00:39:46,143 DEBUG [AWT-EventQueue-0]: tiktaktoh.TikTakTohWindow - Clicked button [1][2]
2015 Aug 06 00:39:47,272 DEBUG [AWT-EventQueue-0]: tiktaktoh.TikTakTohWindow - Clicked button [2][1]
2015 Aug 06 00:39:48,664 DEBUG [AWT-EventQueue-0]: tiktaktoh.TikTakTohWindow - Clicked button [2][0]
2015 Aug 06 00:39:51,688 INFO  [AWT-EventQueue-0]: tiktaktoh.Game - Game tied
2015 Aug 06 00:39:51,688 INFO  [AWT-EventQueue-0]: tiktaktoh.Game - Tied matches Score = 2
2015 Aug 06 00:39:51,688 DEBUG [AWT-EventQueue-0]: tiktaktoh.TikTakTohWindow - Clicked button [0][0]
2015 Aug 06 00:39:53,633 INFO  [AWT-EventQueue-0]: tiktaktoh.TikTakTohWindow - Game started!
2015 Aug 06 00:39:54,247 DEBUG [AWT-EventQueue-0]: tiktaktoh.TikTakTohWindow - Clicked button [1][1]
2015 Aug 06 00:39:56,344 DEBUG [AWT-EventQueue-0]: tiktaktoh.TikTakTohWindow - Clicked button [0][0]
2015 Aug 06 00:39:58,368 DEBUG [AWT-EventQueue-0]: tiktaktoh.TikTakTohWindow - Clicked button [0][2]
2015 Aug 06 00:40:06,415 INFO  [AWT-EventQueue-0]: tiktaktoh.Game - Player 1 won
2015 Aug 06 00:40:06,416 INFO  [AWT-EventQueue-0]: tiktaktoh.Game - Player 1 Score = 1
2015 Aug 06 00:40:06,416 DEBUG [AWT-EventQueue-0]: tiktaktoh.TikTakTohWindow - Clicked button [2][0]
2015 Aug 06 00:40:11,913 INFO  [AWT-EventQueue-0]: tiktaktoh.TikTakTohWindow - Game started!
2015 Aug 06 00:40:13,456 DEBUG [AWT-EventQueue-0]: tiktaktoh.TikTakTohWindow - Clicked button [0][0]
2015 Aug 06 00:40:14,688 DEBUG [AWT-EventQueue-0]: tiktaktoh.TikTakTohWindow - Clicked button [1][2]
2015 Aug 06 00:40:16,599 DEBUG [AWT-EventQueue-0]: tiktaktoh.TikTakTohWindow - Clicked button [0][1]
2015 Aug 06 00:41:23,169 DEBUG [AWT-EventQueue-0]: tiktaktoh.TikTakTohWindow - Clicked button [0][1]
2015 Aug 06 00:41:24,631 DEBUG [AWT-EventQueue-0]: tiktaktoh.TikTakTohWindow - Clicked button [0][0]
2015 Aug 06 00:41:34,255 INFO  [AWT-EventQueue-0]: tiktaktoh.Game - Player 2 won
2015 Aug 06 00:41:34,256 INFO  [AWT-EventQueue-0]: tiktaktoh.Game - Player 2 Score = 1
2015 Aug 06 00:41:34,256 DEBUG [AWT-EventQueue-0]: tiktaktoh.TikTakTohWindow - Clicked button [2][1]
2015 Aug 06 00:41:36,040 INFO  [AWT-EventQueue-0]: tiktaktoh.TikTakTohWindow - Game started!
2015 Aug 06 00:41:37,127 DEBUG [AWT-EventQueue-0]: tiktaktoh.TikTakTohWindow - Clicked button [0][0]
2015 Aug 06 00:41:39,248 DEBUG [AWT-EventQueue-0]: tiktaktoh.TikTakTohWindow - Clicked button [2][0]
2015 Aug 06 00:41:42,608 DEBUG [AWT-EventQueue-0]: tiktaktoh.TikTakTohWindow - Clicked button [1][2]
2015 Aug 06 00:41:46,392 INFO  [AWT-EventQueue-0]: tiktaktoh.Game - Game tied
2015 Aug 06 00:41:46,392 INFO  [AWT-EventQueue-0]: tiktaktoh.Game - Tied matches Score = 1
2015 Aug 06 00:41:46,392 DEBUG [AWT-EventQueue-0]: tiktaktoh.TikTakTohWindow - Clicked button [2][1]
2015 Aug 06 00:41:48,610 INFO  [AWT-EventQueue-0]: tiktaktoh.TikTakTohWindow - Game started!
2015 Aug 06 00:41:52,247 DEBUG [AWT-EventQueue-0]: tiktaktoh.TikTakTohWindow - Clicked button [0][0]
2015 Aug 06 00:41:56,128 DEBUG [AWT-EventQueue-0]: tiktaktoh.TikTakTohWindow - Clicked button [2][2]
2015 Aug 06 00:41:58,856 DEBUG [AWT-EventQueue-0]: tiktaktoh.TikTakTohWindow - Clicked button [0][2]
2015 Aug 06 00:42:00,655 INFO  [AWT-EventQueue-0]: tiktaktoh.Game - Player 1 won
2015 Aug 06 00:42:00,655 INFO  [AWT-EventQueue-0]: tiktaktoh.Game - Player 1 Score = 1
2015 Aug 06 00:42:00,655 DEBUG [AWT-EventQueue-0]: tiktaktoh.TikTakTohWindow - Clicked button [1][2]
2015 Aug 06 00:42:02,456 INFO  [AWT-EventQueue-0]: tiktaktoh.TikTakTohWindow - Game started!
2015 Aug 06 00:42:04,545 DEBUG [AWT-EventQueue-0]: tiktaktoh.TikTakTohWindow - Clicked button [2][0]
2015 Aug 06 00:42:06,623 DEBUG [AWT-EventQueue-0]: tiktaktoh.TikTakTohWindow - Clicked button [2][1]
2015 Aug 06 00:42:09,847 DEBUG [AWT-EventQueue-0]: tiktaktoh.TikTakTohWindow - Clicked button [0][0]
2015 Aug 06 00:42:12,288 INFO  [AWT-EventQueue-0]: tiktaktoh.Game - Game tied
2015 Aug 06 00:42:12,288 INFO  [AWT-EventQueue-0]: tiktaktoh.Game - Tied matches Score = 2
2015 Aug 06 00:42:12,288 DEBUG [AWT-EventQueue-0]: tiktaktoh.TikTakTohWindow - Clicked button [1][2]
2015 Aug 06 00:42:13,760 INFO  [AWT-EventQueue-0]: tiktaktoh.TikTakTohWindow - Game started!
2015 Aug 06 00:42:15,736 DEBUG [AWT-EventQueue-0]: tiktaktoh.TikTakTohWindow - Clicked button [1][1]
2015 Aug 06 00:42:39,399 DEBUG [AWT-EventQueue-0]: tiktaktoh.TikTakTohWindow - Clicked button [0][0]
2015 Aug 06 00:42:43,790 DEBUG [AWT-EventQueue-0]: tiktaktoh.TikTakTohWindow - Clicked button [0][1]
2015 Aug 06 00:42:46,407 INFO  [AWT-EventQueue-0]: tiktaktoh.Game - Player 1 won
2015 Aug 06 00:42:46,407 INFO  [AWT-EventQueue-0]: tiktaktoh.Game - Player 1 Score = 2
2015 Aug 06 00:42:46,407 DEBUG [AWT-EventQueue-0]: tiktaktoh.TikTakTohWindow - Clicked button [2][1]
2015 Aug 06 00:42:49,031 INFO  [AWT-EventQueue-0]: tiktaktoh.TikTakTohWindow - Game started!
2015 Aug 06 00:42:50,248 DEBUG [AWT-EventQueue-0]: tiktaktoh.TikTakTohWindow - Clicked button [0][0]
2015 Aug 06 00:42:51,680 DEBUG [AWT-EventQueue-0]: tiktaktoh.TikTakTohWindow - Clicked button [2][0]
2015 Aug 06 00:42:53,760 DEBUG [AWT-EventQueue-0]: tiktaktoh.TikTakTohWindow - Clicked button [1][2]
2015 Aug 06 00:42:56,632 INFO  [AWT-EventQueue-0]: tiktaktoh.Game - Game tied
2015 Aug 06 00:42:56,632 INFO  [AWT-EventQueue-0]: tiktaktoh.Game - Tied matches Score = 3
2015 Aug 06 00:42:56,632 DEBUG [AWT-EventQueue-0]: tiktaktoh.TikTakTohWindow - Clicked button [2][1]
2015 Aug 06 00:42:59,497 INFO  [AWT-EventQueue-0]: tiktaktoh.TikTakTohWindow - Game started!
2015 Aug 06 00:43:01,455 DEBUG [AWT-EventQueue-0]: tiktaktoh.TikTakTohWindow - Clicked button [1][1]
2015 Aug 06 00:43:04,000 DEBUG [AWT-EventQueue-0]: tiktaktoh.TikTakTohWindow - Clicked button [2][1]
2015 Aug 06 00:43:08,577 DEBUG [AWT-EventQueue-0]: tiktaktoh.TikTakTohWindow - Clicked button [1][2]
2015 Aug 06 00:43:11,040 DEBUG [AWT-EventQueue-0]: tiktaktoh.TikTakTohWindow - Clicked button [0][0]
2015 Aug 06 00:43:12,991 INFO  [AWT-EventQueue-0]: tiktaktoh.Game - Game tied
2015 Aug 06 00:43:12,991 INFO  [AWT-EventQueue-0]: tiktaktoh.Game - Tied matches Score = 4
2015 Aug 06 00:43:12,991 DEBUG [AWT-EventQueue-0]: tiktaktoh.TikTakTohWindow - Clicked button [0][2]
2015 Aug 06 00:43:14,736 INFO  [AWT-EventQueue-0]: tiktaktoh.TikTakTohWindow - Game started!
2015 Aug 06 00:43:17,632 DEBUG [AWT-EventQueue-0]: tiktaktoh.TikTakTohWindow - Clicked button [0][0]
2015 Aug 06 00:43:19,168 DEBUG [AWT-EventQueue-0]: tiktaktoh.TikTakTohWindow - Clicked button [1][0]
2015 Aug 06 00:43:21,615 DEBUG [AWT-EventQueue-0]: tiktaktoh.TikTakTohWindow - Clicked button [0][2]
2015 Aug 06 00:49:57,263 DEBUG [AWT-EventQueue-0]: tiktaktoh.TikTakTohWindow - Clicked button [0][0]
2015 Aug 06 00:50:00,319 DEBUG [AWT-EventQueue-0]: tiktaktoh.TikTakTohWindow - Clicked button [1][0]
2015 Aug 06 00:51:09,089 DEBUG [AWT-EventQueue-0]: tiktaktoh.TikTakTohWindow - Clicked button [0][0]
2015 Aug 06 00:51:57,119 DEBUG [AWT-EventQueue-0]: tiktaktoh.TikTakTohWindow - Clicked button [1][0]
2015 Aug 06 00:52:00,592 INFO  [AWT-EventQueue-0]: tiktaktoh.Game - Player 2 won
2015 Aug 06 00:52:00,592 INFO  [AWT-EventQueue-0]: tiktaktoh.Game - Player 2 Score = 1
2015 Aug 06 00:52:00,593 DEBUG [AWT-EventQueue-0]: tiktaktoh.TikTakTohWindow - Clicked button [0][1]
2015 Aug 06 00:52:04,432 INFO  [AWT-EventQueue-0]: tiktaktoh.TikTakTohWindow - Game started!
2015 Aug 06 00:52:08,496 DEBUG [AWT-EventQueue-0]: tiktaktoh.TikTakTohWindow - Clicked button [0][0]
2015 Aug 06 00:52:19,136 DEBUG [AWT-EventQueue-0]: tiktaktoh.TikTakTohWindow - Clicked button [2][1]
2015 Aug 06 00:52:24,136 DEBUG [AWT-EventQueue-0]: tiktaktoh.TikTakTohWindow - Clicked button [0][2]
2015 Aug 06 00:52:29,512 INFO  [AWT-EventQueue-0]: tiktaktoh.Game - Game tied
2015 Aug 06 00:52:29,513 INFO  [AWT-EventQueue-0]: tiktaktoh.Game - Tied matches Score = 1
2015 Aug 06 00:52:29,513 DEBUG [AWT-EventQueue-0]: tiktaktoh.TikTakTohWindow - Clicked button [1][2]
2015 Aug 06 00:52:49,919 INFO  [AWT-EventQueue-0]: tiktaktoh.TikTakTohWindow - Game started!
2015 Aug 06 00:53:19,175 WARN  [AWT-EventQueue-0]: tiktaktoh.TikTakTohWindow - Player vs Player
2015 Aug 06 00:53:23,152 DEBUG [AWT-EventQueue-0]: tiktaktoh.TikTakTohWindow - Clicked button [0][0]
2015 Aug 06 00:55:54,726 DEBUG [AWT-EventQueue-0]: tiktaktoh.TikTakTohWindow - Clicked button [0][0]
2015 Aug 06 00:55:55,470 DEBUG [AWT-EventQueue-0]: tiktaktoh.TikTakTohWindow - Clicked button [0][1]
2015 Aug 06 00:55:56,078 INFO  [AWT-EventQueue-0]: tiktaktoh.Game - Player 2 won
2015 Aug 06 00:55:56,078 INFO  [AWT-EventQueue-0]: tiktaktoh.Game - Player 2 Score = 1
2015 Aug 06 00:55:56,079 DEBUG [AWT-EventQueue-0]: tiktaktoh.TikTakTohWindow - Clicked button [1][2]
2015 Aug 06 00:55:57,310 INFO  [AWT-EventQueue-0]: tiktaktoh.TikTakTohWindow - Game started!
2015 Aug 06 00:55:57,797 DEBUG [AWT-EventQueue-0]: tiktaktoh.TikTakTohWindow - Clicked button [2][1]
2015 Aug 06 00:55:58,222 DEBUG [AWT-EventQueue-0]: tiktaktoh.TikTakTohWindow - Clicked button [1][2]
2015 Aug 06 00:55:58,591 INFO  [AWT-EventQueue-0]: tiktaktoh.Game - Player 2 won
2015 Aug 06 00:55:58,591 INFO  [AWT-EventQueue-0]: tiktaktoh.Game - Player 2 Score = 2
2015 Aug 06 00:55:58,591 DEBUG [AWT-EventQueue-0]: tiktaktoh.TikTakTohWindow - Clicked button [2][2]
2015 Aug 06 00:55:59,830 INFO  [AWT-EventQueue-0]: tiktaktoh.TikTakTohWindow - Game started!
2015 Aug 06 00:56:00,213 DEBUG [AWT-EventQueue-0]: tiktaktoh.TikTakTohWindow - Clicked button [1][0]
2015 Aug 06 00:56:00,910 DEBUG [AWT-EventQueue-0]: tiktaktoh.TikTakTohWindow - Clicked button [2][1]
2015 Aug 06 00:56:01,398 INFO  [AWT-EventQueue-0]: tiktaktoh.Game - Player 2 won
2015 Aug 06 00:56:01,398 INFO  [AWT-EventQueue-0]: tiktaktoh.Game - Player 2 Score = 3
2015 Aug 06 00:56:01,398 DEBUG [AWT-EventQueue-0]: tiktaktoh.TikTakTohWindow - Clicked button [2][2]
2015 Aug 06 00:56:02,431 INFO  [AWT-EventQueue-0]: tiktaktoh.TikTakTohWindow - Game started!
2015 Aug 06 00:56:02,966 DEBUG [AWT-EventQueue-0]: tiktaktoh.TikTakTohWindow - Clicked button [1][2]
2015 Aug 06 00:56:03,609 DEBUG [AWT-EventQueue-0]: tiktaktoh.TikTakTohWindow - Clicked button [0][0]
2015 Aug 06 00:56:04,318 INFO  [AWT-EventQueue-0]: tiktaktoh.Game - Player 2 won
2015 Aug 06 00:56:04,318 INFO  [AWT-EventQueue-0]: tiktaktoh.Game - Player 2 Score = 4
2015 Aug 06 00:56:04,318 DEBUG [AWT-EventQueue-0]: tiktaktoh.TikTakTohWindow - Clicked button [2][1]
2015 Aug 06 00:56:05,383 INFO  [AWT-EventQueue-0]: tiktaktoh.TikTakTohWindow - Game started!
2015 Aug 06 00:56:06,309 DEBUG [AWT-EventQueue-0]: tiktaktoh.TikTakTohWindow - Clicked button [2][1]
2015 Aug 06 00:56:07,014 DEBUG [AWT-EventQueue-0]: tiktaktoh.TikTakTohWindow - Clicked button [1][0]
2015 Aug 06 00:56:07,822 DEBUG [AWT-EventQueue-0]: tiktaktoh.TikTakTohWindow - Clicked button [0][2]
2015 Aug 06 00:56:09,270 DEBUG [AWT-EventQueue-0]: tiktaktoh.TikTakTohWindow - Clicked button [0][1]
2015 Aug 06 00:56:10,269 INFO  [AWT-EventQueue-0]: tiktaktoh.Game - Game tied
2015 Aug 06 00:56:10,269 INFO  [AWT-EventQueue-0]: tiktaktoh.Game - Tied matches Score = 1
2015 Aug 06 00:56:10,269 DEBUG [AWT-EventQueue-0]: tiktaktoh.TikTakTohWindow - Clicked button [2][2]
2015 Aug 06 00:56:11,375 INFO  [AWT-EventQueue-0]: tiktaktoh.TikTakTohWindow - Game started!
2015 Aug 06 00:56:12,421 DEBUG [AWT-EventQueue-0]: tiktaktoh.TikTakTohWindow - Clicked button [0][0]
2015 Aug 06 00:56:13,094 INFO  [AWT-EventQueue-0]: tiktaktoh.Game - Player 2 won
2015 Aug 06 00:56:13,094 INFO  [AWT-EventQueue-0]: tiktaktoh.Game - Player 2 Score = 5
2015 Aug 06 00:56:13,094 DEBUG [AWT-EventQueue-0]: tiktaktoh.TikTakTohWindow - Clicked button [0][2]
2015 Aug 06 00:56:14,231 INFO  [AWT-EventQueue-0]: tiktaktoh.TikTakTohWindow - Game started!
2015 Aug 06 00:56:14,839 DEBUG [AWT-EventQueue-0]: tiktaktoh.TikTakTohWindow - Clicked button [0][0]
2015 Aug 06 00:56:15,703 DEBUG [AWT-EventQueue-0]: tiktaktoh.TikTakTohWindow - Clicked button [1][0]
2015 Aug 06 00:56:16,318 INFO  [AWT-EventQueue-0]: tiktaktoh.Game - Player 2 won
2015 Aug 06 00:56:16,318 INFO  [AWT-EventQueue-0]: tiktaktoh.Game - Player 2 Score = 6
2015 Aug 06 00:56:16,318 DEBUG [AWT-EventQueue-0]: tiktaktoh.TikTakTohWindow - Clicked button [0][1]
2015 Aug 06 00:56:17,310 INFO  [AWT-EventQueue-0]: tiktaktoh.TikTakTohWindow - Game started!
2015 Aug 06 00:56:18,518 DEBUG [AWT-EventQueue-0]: tiktaktoh.TikTakTohWindow - Clicked button [0][0]
2015 Aug 06 00:56:19,710 DEBUG [AWT-EventQueue-0]: tiktaktoh.TikTakTohWindow - Clicked button [2][0]
2015 Aug 06 00:56:20,502 DEBUG [AWT-EventQueue-0]: tiktaktoh.TikTakTohWindow - Clicked button [1][2]
2015 Aug 06 00:56:39,270 INFO  [AWT-EventQueue-0]: tiktaktoh.Game - Game tied
2015 Aug 06 00:56:39,270 INFO  [AWT-EventQueue-0]: tiktaktoh.Game - Tied matches Score = 2
2015 Aug 06 00:56:39,270 DEBUG [AWT-EventQueue-0]: tiktaktoh.TikTakTohWindow - Clicked button [2][1]
2015 Aug 06 00:56:42,382 INFO  [AWT-EventQueue-0]: tiktaktoh.TikTakTohWindow - Game started!
2015 Aug 06 00:56:43,821 DEBUG [AWT-EventQueue-0]: tiktaktoh.TikTakTohWindow - Clicked button [2][0]
2015 Aug 06 00:56:44,853 DEBUG [AWT-EventQueue-0]: tiktaktoh.TikTakTohWindow - Clicked button [2][2]
2015 Aug 06 00:56:45,934 DEBUG [AWT-EventQueue-0]: tiktaktoh.TikTakTohWindow - Clicked button [0][1]
2015 Aug 06 00:56:48,662 DEBUG [AWT-EventQueue-0]: tiktaktoh.TikTakTohWindow - Clicked button [1][2]
2015 Aug 06 00:56:49,789 INFO  [AWT-EventQueue-0]: tiktaktoh.Game - Game tied
2015 Aug 06 00:56:49,789 INFO  [AWT-EventQueue-0]: tiktaktoh.Game - Tied matches Score = 3
2015 Aug 06 00:56:49,789 DEBUG [AWT-EventQueue-0]: tiktaktoh.TikTakTohWindow - Clicked button [0][0]
2015 Aug 06 00:56:50,871 INFO  [AWT-EventQueue-0]: tiktaktoh.TikTakTohWindow - Game started!
2015 Aug 06 00:56:51,925 DEBUG [AWT-EventQueue-0]: tiktaktoh.TikTakTohWindow - Clicked button [2][0]
2015 Aug 06 00:56:53,021 DEBUG [AWT-EventQueue-0]: tiktaktoh.TikTakTohWindow - Clicked button [0][1]
2015 Aug 06 00:56:54,717 DEBUG [AWT-EventQueue-0]: tiktaktoh.TikTakTohWindow - Clicked button [2][2]
2015 Aug 06 00:56:57,957 INFO  [AWT-EventQueue-0]: tiktaktoh.Game - Game tied
2015 Aug 06 00:56:57,957 INFO  [AWT-EventQueue-0]: tiktaktoh.Game - Tied matches Score = 4
2015 Aug 06 00:56:57,957 DEBUG [AWT-EventQueue-0]: tiktaktoh.TikTakTohWindow - Clicked button [1][0]
2015 Aug 06 00:57:00,094 INFO  [AWT-EventQueue-0]: tiktaktoh.TikTakTohWindow - Game started!
2015 Aug 06 00:57:01,157 DEBUG [AWT-EventQueue-0]: tiktaktoh.TikTakTohWindow - Clicked button [0][0]
2015 Aug 06 00:57:01,717 DEBUG [AWT-EventQueue-0]: tiktaktoh.TikTakTohWindow - Clicked button [0][2]
2015 Aug 06 00:57:02,436 DEBUG [AWT-EventQueue-0]: tiktaktoh.TikTakTohWindow - Clicked button [1][2]
2015 Aug 06 00:57:02,910 DEBUG [AWT-EventQueue-0]: tiktaktoh.TikTakTohWindow - Clicked button [2][1]
2015 Aug 06 00:57:03,541 INFO  [AWT-EventQueue-0]: tiktaktoh.Game - Game tied
2015 Aug 06 00:57:03,541 INFO  [AWT-EventQueue-0]: tiktaktoh.Game - Tied matches Score = 5
2015 Aug 06 00:57:03,541 DEBUG [AWT-EventQueue-0]: tiktaktoh.TikTakTohWindow - Clicked button [2][0]
2015 Aug 06 00:57:04,392 INFO  [AWT-EventQueue-0]: tiktaktoh.TikTakTohWindow - Game started!
2015 Aug 06 00:57:04,861 DEBUG [AWT-EventQueue-0]: tiktaktoh.TikTakTohWindow - Clicked button [1][0]
2015 Aug 06 00:57:05,318 DEBUG [AWT-EventQueue-0]: tiktaktoh.TikTakTohWindow - Clicked button [1][2]
2015 Aug 06 00:57:06,349 INFO  [AWT-EventQueue-0]: tiktaktoh.Game - Player 2 won
2015 Aug 06 00:57:06,349 INFO  [AWT-EventQueue-0]: tiktaktoh.Game - Player 2 Score = 7
2015 Aug 06 00:57:06,349 DEBUG [AWT-EventQueue-0]: tiktaktoh.TikTakTohWindow - Clicked button [0][0]
2015 Aug 06 00:57:07,998 INFO  [AWT-EventQueue-0]: tiktaktoh.TikTakTohWindow - Game started!
2015 Aug 06 00:57:08,790 DEBUG [AWT-EventQueue-0]: tiktaktoh.TikTakTohWindow - Clicked button [1][1]
2015 Aug 06 00:57:09,205 DEBUG [AWT-EventQueue-0]: tiktaktoh.TikTakTohWindow - Clicked button [1][0]
2015 Aug 06 00:57:09,613 DEBUG [AWT-EventQueue-0]: tiktaktoh.TikTakTohWindow - Clicked button [0][0]
2015 Aug 06 00:57:10,845 DEBUG [AWT-EventQueue-0]: tiktaktoh.TikTakTohWindow - Clicked button [0][1]
2015 Aug 06 00:57:11,941 INFO  [AWT-EventQueue-0]: tiktaktoh.Game - Player 1 won
2015 Aug 06 00:57:11,941 INFO  [AWT-EventQueue-0]: tiktaktoh.Game - Player 1 Score = 1
2015 Aug 06 00:57:11,941 DEBUG [AWT-EventQueue-0]: tiktaktoh.TikTakTohWindow - Clicked button [2][2]
2015 Aug 06 00:57:14,311 INFO  [AWT-EventQueue-0]: tiktaktoh.TikTakTohWindow - Game reseted!
2015 Aug 06 00:57:15,229 DEBUG [AWT-EventQueue-0]: tiktaktoh.TikTakTohWindow - Clicked button [1][1]
2015 Aug 06 00:57:15,861 DEBUG [AWT-EventQueue-0]: tiktaktoh.TikTakTohWindow - Clicked button [0][0]
2015 Aug 06 00:57:16,245 DEBUG [AWT-EventQueue-0]: tiktaktoh.TikTakTohWindow - Clicked button [0][1]
2015 Aug 06 00:57:17,966 DEBUG [AWT-EventQueue-0]: tiktaktoh.TikTakTohWindow - Clicked button [2][0]
2015 Aug 06 00:57:18,725 INFO  [AWT-EventQueue-0]: tiktaktoh.Game - Game tied
2015 Aug 06 00:57:18,725 INFO  [AWT-EventQueue-0]: tiktaktoh.Game - Tied matches Score = 1
2015 Aug 06 00:57:18,725 DEBUG [AWT-EventQueue-0]: tiktaktoh.TikTakTohWindow - Clicked button [1][2]
2015 Aug 06 00:57:19,695 INFO  [AWT-EventQueue-0]: tiktaktoh.TikTakTohWindow - Game started!
2015 Aug 06 00:57:20,389 DEBUG [AWT-EventQueue-0]: tiktaktoh.TikTakTohWindow - Clicked button [0][0]
2015 Aug 06 00:57:21,333 DEBUG [AWT-EventQueue-0]: tiktaktoh.TikTakTohWindow - Clicked button [0][2]
2015 Aug 06 00:57:22,310 DEBUG [AWT-EventQueue-0]: tiktaktoh.TikTakTohWindow - Clicked button [2][1]
2015 Aug 06 00:57:23,548 INFO  [AWT-EventQueue-0]: tiktaktoh.Game - Player 2 won
2015 Aug 06 00:57:23,548 INFO  [AWT-EventQueue-0]: tiktaktoh.Game - Player 2 Score = 1
2015 Aug 06 00:57:23,549 DEBUG [AWT-EventQueue-0]: tiktaktoh.TikTakTohWindow - Clicked button [2][2]
2015 Aug 06 00:57:24,838 INFO  [AWT-EventQueue-0]: tiktaktoh.TikTakTohWindow - Game started!
2015 Aug 06 00:57:25,573 DEBUG [AWT-EventQueue-0]: tiktaktoh.TikTakTohWindow - Clicked button [0][0]
2015 Aug 06 00:57:26,317 DEBUG [AWT-EventQueue-0]: tiktaktoh.TikTakTohWindow - Clicked button [2][2]
2015 Aug 06 00:57:27,230 DEBUG [AWT-EventQueue-0]: tiktaktoh.TikTakTohWindow - Clicked button [2][1]
2015 Aug 06 00:57:28,246 DEBUG [AWT-EventQueue-0]: tiktaktoh.TikTakTohWindow - Clicked button [0][2]
2015 Aug 06 00:57:29,188 INFO  [AWT-EventQueue-0]: tiktaktoh.Game - Game tied
2015 Aug 06 00:57:29,189 INFO  [AWT-EventQueue-0]: tiktaktoh.Game - Tied matches Score = 2
2015 Aug 06 00:57:29,189 DEBUG [AWT-EventQueue-0]: tiktaktoh.TikTakTohWindow - Clicked button [1][0]
2015 Aug 06 00:57:30,534 INFO  [AWT-EventQueue-0]: tiktaktoh.TikTakTohWindow - Game started!
2015 Aug 06 00:57:31,341 DEBUG [AWT-EventQueue-0]: tiktaktoh.TikTakTohWindow - Clicked button [0][0]
2015 Aug 06 00:57:32,885 DEBUG [AWT-EventQueue-0]: tiktaktoh.TikTakTohWindow - Clicked button [0][1]
2015 Aug 06 00:57:33,789 INFO  [AWT-EventQueue-0]: tiktaktoh.Game - Player 2 won
2015 Aug 06 00:57:33,790 INFO  [AWT-EventQueue-0]: tiktaktoh.Game - Player 2 Score = 2
2015 Aug 06 00:57:33,790 DEBUG [AWT-EventQueue-0]: tiktaktoh.TikTakTohWindow - Clicked button [1][0]
2015 Aug 06 00:57:34,910 INFO  [AWT-EventQueue-0]: tiktaktoh.TikTakTohWindow - Game started!
2015 Aug 06 00:57:35,422 DEBUG [AWT-EventQueue-0]: tiktaktoh.TikTakTohWindow - Clicked button [1][0]
2015 Aug 06 00:57:36,157 DEBUG [AWT-EventQueue-0]: tiktaktoh.TikTakTohWindow - Clicked button [1][2]
2015 Aug 06 00:57:36,638 DEBUG [AWT-EventQueue-0]: tiktaktoh.TikTakTohWindow - Clicked button [2][1]
2015 Aug 06 00:57:37,045 INFO  [AWT-EventQueue-0]: tiktaktoh.Game - Player 2 won
2015 Aug 06 00:57:37,046 INFO  [AWT-EventQueue-0]: tiktaktoh.Game - Player 2 Score = 3
2015 Aug 06 00:57:37,046 DEBUG [AWT-EventQueue-0]: tiktaktoh.TikTakTohWindow - Clicked button [2][2]
2015 Aug 06 00:57:37,855 INFO  [AWT-EventQueue-0]: tiktaktoh.TikTakTohWindow - Game started!
2015 Aug 06 00:57:38,701 DEBUG [AWT-EventQueue-0]: tiktaktoh.TikTakTohWindow - Clicked button [2][0]
2015 Aug 06 00:57:39,646 DEBUG [AWT-EventQueue-0]: tiktaktoh.TikTakTohWindow - Clicked button [2][2]
2015 Aug 06 00:57:40,477 DEBUG [AWT-EventQueue-0]: tiktaktoh.TikTakTohWindow - Clicked button [0][1]
2015 Aug 06 00:57:41,309 INFO  [AWT-EventQueue-0]: tiktaktoh.Game - Player 2 won
2015 Aug 06 00:57:41,309 INFO  [AWT-EventQueue-0]: tiktaktoh.Game - Player 2 Score = 4
2015 Aug 06 00:57:41,309 DEBUG [AWT-EventQueue-0]: tiktaktoh.TikTakTohWindow - Clicked button [0][2]
2015 Aug 06 00:57:46,016 INFO  [AWT-EventQueue-0]: tiktaktoh.TikTakTohWindow - Game reseted!
